<?xml version="1.0"?>
<!DOCTYPE coverage SYSTEM "http://cobertura.sourceforge.net/xml/coverage-04.dtd">

<coverage line-rate="0.5" branch-rate="1.0" lines-covered="2" lines-valid="4" branches-covered="0" branches-valid="0" complexity="1.0" version="2.1.1" timestamp="1512553012553">
	<sources>
		<source>D:/backup/Maven/MavenIn28Minutes/1.basic-maven-example/src/main/java</source>
		<source>--source</source>
		<source>D:/backup/Maven/MavenIn28Minutes/1.basic-maven-example/target/generated-sources/annotations</source>
	</sources>
	<packages>
		<package name="com.in28minutes.maven" line-rate="0.5" branch-rate="1.0" complexity="1.0">
			<classes>
				<class name="com.in28minutes.maven.App" filename="com/in28minutes/maven/App.java" line-rate="0.5" branch-rate="1.0" complexity="1.0">
					<methods>
						<method name="&lt;init&gt;" signature="()V" line-rate="1.0" branch-rate="1.0" complexity="0">
							<lines>
								<line number="7" hits="1" branch="false"/>
							</lines>
						</method>
						<method name="calculateSomething" signature="()I" line-rate="1.0" branch-rate="1.0" complexity="0">
							<lines>
								<line number="15" hits="1" branch="false"/>
							</lines>
						</method>
						<method name="main" signature="([Ljava/lang/String;)V" line-rate="0.0" branch-rate="1.0" complexity="0">
							<lines>
								<line number="11" hits="0" branch="false"/>
								<line number="12" hits="0" branch="false"/>
							</lines>
						</method>
					</methods>
					<lines>
						<line number="7" hits="1" branch="false"/>
						<line number="11" hits="0" branch="false"/>
						<line number="12" hits="0" branch="false"/>
						<line number="15" hits="1" branch="false"/>
					</lines>
				</class>
			</classes>
		</package>
	</packages>
</coverage>
